app/build/intermediates/manifest_merge_blame_file/debug/processDebugMainManifest/manifest-merger-blame-debug-report.txt
1<?xml version="1.0" encoding="utf-8"?>
2<manifest xmlns:android="http://schemas.android.com/apk/res/android"
3    package="com.example.suits_lb"
4    android:versionCode="1"
5    android:versionName="1.0" >
6
7    <uses-sdk
8        android:minSdkVersion="26"
9        android:targetSdkVersion="34" />
10
11    <uses-permission android:name="android.permission.INTERNET" />
11-->src\main\AndroidManifest.xml:5:5-67
11-->src\main\AndroidManifest.xml:5:22-64
12    <uses-permission android:name="android.permission.ACCESS_NETWORK_STATE" />
12-->src\main\AndroidManifest.xml:6:5-79
12-->src\main\AndroidManifest.xml:6:22-76
13    <uses-permission android:name="android.permission.WRITE_EXTERNAL_STORAGE" />
13-->src\main\AndroidManifest.xml:7:5-81
13-->src\main\AndroidManifest.xml:7:22-78
14    <uses-permission android:name="android.permission.READ_EXTERNAL_STORAGE" />
14-->src\main\AndroidManifest.xml:8:5-80
14-->src\main\AndroidManifest.xml:8:22-77
15    <uses-permission android:name="android.permission.ACCESS_FINE_LOCATION" />
15-->src\main\AndroidManifest.xml:9:5-79
15-->src\main\AndroidManifest.xml:9:22-76
16    <uses-permission android:name="android.permission.ACCESS_COARSE_LOCATION" />
16-->src\main\AndroidManifest.xml:10:5-81
16-->src\main\AndroidManifest.xml:10:22-78
17
18    <permission
18-->[androidx.core:core:1.9.0] AndroidManifest.xml:22:5-24:47
19        android:name="com.example.suits_lb.DYNAMIC_RECEIVER_NOT_EXPORTED_PERMISSION"
19-->[androidx.core:core:1.9.0] AndroidManifest.xml:23:9-81
20        android:protectionLevel="signature" />
20-->[androidx.core:core:1.9.0] AndroidManifest.xml:24:9-44
21
22    <uses-permission android:name="com.example.suits_lb.DYNAMIC_RECEIVER_NOT_EXPORTED_PERMISSION" />
22-->[androidx.core:core:1.9.0] AndroidManifest.xml:26:5-97
22-->[androidx.core:core:1.9.0] AndroidManifest.xml:26:22-94
23
24    <application
24-->src\main\AndroidManifest.xml:12:5-98:19
25        android:allowBackup="true"
25-->src\main\AndroidManifest.xml:13:9-35
26        android:appComponentFactory="androidx.core.app.CoreComponentFactory"
26-->[androidx.core:core:1.9.0] AndroidManifest.xml:28:18-86
27        android:dataExtractionRules="@xml/data_extraction_rules"
27-->src\main\AndroidManifest.xml:14:9-65
28        android:debuggable="true"
29        android:extractNativeLibs="false"
30        android:fullBackupContent="@xml/backup_rules"
30-->src\main\AndroidManifest.xml:15:9-54
31        android:icon="@mipmap/ic_launcher"
31-->src\main\AndroidManifest.xml:16:9-43
32        android:label="@string/app_name"
32-->src\main\AndroidManifest.xml:17:9-41
33        android:roundIcon="@mipmap/ic_launcher_round"
33-->src\main\AndroidManifest.xml:18:9-54
34        android:supportsRtl="true"
34-->src\main\AndroidManifest.xml:19:9-35
35        android:testOnly="true"
36        android:theme="@style/Theme.Suits_LB"
36-->src\main\AndroidManifest.xml:20:9-46
37        android:usesCleartextTraffic="true" >
37-->src\main\AndroidManifest.xml:21:9-44
38        <activity
38-->src\main\AndroidManifest.xml:23:9-25:40
39            android:name="com.example.suits_lb.vistas.UserViews.ProductUserView"
39-->src\main\AndroidManifest.xml:24:13-61
40            android:exported="false" />
40-->src\main\AndroidManifest.xml:25:13-37
41        <activity
41-->src\main\AndroidManifest.xml:26:9-28:40
42            android:name="com.example.suits_lb.vistas.pantallasCarga.SplashCargaUserProductosFiltrados"
42-->src\main\AndroidManifest.xml:27:13-84
43            android:exported="false" />
43-->src\main\AndroidManifest.xml:28:13-37
44        <activity
44-->src\main\AndroidManifest.xml:29:9-31:40
45            android:name="com.example.suits_lb.vistas.pantallasCarga.PantallaCargaUserProductosFiltrados"
45-->src\main\AndroidManifest.xml:30:13-86
46            android:exported="false" />
46-->src\main\AndroidManifest.xml:31:13-37
47        <activity
47-->src\main\AndroidManifest.xml:32:9-34:40
48            android:name="com.example.suits_lb.vistas.pantallasCarga.SplashCargaUserProductos"
48-->src\main\AndroidManifest.xml:33:13-75
49            android:exported="false" />
49-->src\main\AndroidManifest.xml:34:13-37
50        <activity
50-->src\main\AndroidManifest.xml:35:9-39:65
51            android:name="com.example.suits_lb.vistas.UserViews.HomeApp"
51-->src\main\AndroidManifest.xml:36:13-53
52            android:exported="false"
52-->src\main\AndroidManifest.xml:37:13-37
53            android:label="@string/title_activity_home_app"
53-->src\main\AndroidManifest.xml:38:13-60
54            android:theme="@style/Theme.Suits_LB.NoActionBar" />
54-->src\main\AndroidManifest.xml:39:13-62
55        <activity
55-->src\main\AndroidManifest.xml:40:9-42:40
56            android:name="com.example.suits_lb.vistas.pantallasCarga.SplashCargaProductos"
56-->src\main\AndroidManifest.xml:41:13-71
57            android:exported="false" />
57-->src\main\AndroidManifest.xml:42:13-37
58        <activity
58-->src\main\AndroidManifest.xml:43:9-45:40
59            android:name="com.example.suits_lb.vistas.AdminViews.AdminProductsView.ManagementProductScreen"
59-->src\main\AndroidManifest.xml:44:13-88
60            android:exported="false" />
60-->src\main\AndroidManifest.xml:45:13-37
61        <activity
61-->src\main\AndroidManifest.xml:46:9-48:40
62            android:name="com.example.suits_lb.vistas.AdminViews.AdminProductsView.MainProductScreenManager"
62-->src\main\AndroidManifest.xml:47:13-89
63            android:exported="false" />
63-->src\main\AndroidManifest.xml:48:13-37
64        <activity
64-->src\main\AndroidManifest.xml:49:9-51:40
65            android:name="com.example.suits_lb.vistas.AdminViews.AdminProductsView.AddingProductsScreen"
65-->src\main\AndroidManifest.xml:50:13-85
66            android:exported="false" />
66-->src\main\AndroidManifest.xml:51:13-37
67        <activity
67-->src\main\AndroidManifest.xml:52:9-54:40
68            android:name="com.example.suits_lb.vistas.AdminViews.AdminCategoriesView.AddingCategoriesScreen"
68-->src\main\AndroidManifest.xml:53:13-89
69            android:exported="false" />
69-->src\main\AndroidManifest.xml:54:13-37
70        <activity
70-->src\main\AndroidManifest.xml:55:9-57:40
71            android:name="com.example.suits_lb.vistas.AdminViews.AdminAdminsView.MainAdminScreenManager"
71-->src\main\AndroidManifest.xml:56:13-85
72            android:exported="false" />
72-->src\main\AndroidManifest.xml:57:13-37
73        <activity
73-->src\main\AndroidManifest.xml:58:9-60:40
74            android:name="com.example.suits_lb.vistas.AdminViews.AdminAdminsView.ManagementAdminScreen"
74-->src\main\AndroidManifest.xml:59:13-84
75            android:exported="false" />
75-->src\main\AndroidManifest.xml:60:13-37
76        <activity
76-->src\main\AndroidManifest.xml:61:9-63:40
77            android:name="com.example.suits_lb.vistas.AdminViews.AdminUserView.ManagementUserScreen"
77-->src\main\AndroidManifest.xml:62:13-81
78            android:exported="false" />
78-->src\main\AndroidManifest.xml:63:13-37
79        <activity
79-->src\main\AndroidManifest.xml:64:9-66:40
80            android:name="com.example.suits_lb.vistas.AdminViews.AdminUserView.MainUserScreenManager"
80-->src\main\AndroidManifest.xml:65:13-82
81            android:exported="false" />
81-->src\main\AndroidManifest.xml:66:13-37
82        <activity
82-->src\main\AndroidManifest.xml:67:9-69:40
83            android:name="com.example.suits_lb.vistas.AdminViews.AdminCategoriesView.ManagementCategoryScreen"
83-->src\main\AndroidManifest.xml:68:13-91
84            android:exported="false" />
84-->src\main\AndroidManifest.xml:69:13-37
85        <activity
85-->src\main\AndroidManifest.xml:70:9-72:40
86            android:name="com.example.suits_lb.vistas.AdminViews.AdminCategoriesView.MainCategoryScreenManager"
86-->src\main\AndroidManifest.xml:71:13-92
87            android:exported="false" />
87-->src\main\AndroidManifest.xml:72:13-37
88        <activity
88-->src\main\AndroidManifest.xml:73:9-75:40
89            android:name="com.example.suits_lb.vistas.AdminViews.AdminUserView.AddingUsersScreen"
89-->src\main\AndroidManifest.xml:74:13-78
90            android:exported="false" />
90-->src\main\AndroidManifest.xml:75:13-37
91        <activity
91-->src\main\AndroidManifest.xml:76:9-78:40
92            android:name="com.example.suits_lb.vistas.AdminViews.AdminAdminsView.AddingAdminsScreen"
92-->src\main\AndroidManifest.xml:77:13-81
93            android:exported="false" />
93-->src\main\AndroidManifest.xml:78:13-37
94        <activity
94-->src\main\AndroidManifest.xml:79:9-81:40
95            android:name="com.example.suits_lb.vistas.AdminViews.BackEndSelection"
95-->src\main\AndroidManifest.xml:80:13-63
96            android:exported="false" />
96-->src\main\AndroidManifest.xml:81:13-37
97        <activity
97-->src\main\AndroidManifest.xml:82:9-84:40
98            android:name="com.example.suits_lb.vistas.SignInPage"
98-->src\main\AndroidManifest.xml:83:13-46
99            android:exported="false" />
99-->src\main\AndroidManifest.xml:84:13-37
100        <activity
100-->src\main\AndroidManifest.xml:85:9-93:20
101            android:name="com.example.suits_lb.vistas.MainActivity"
101-->src\main\AndroidManifest.xml:86:13-48
102            android:exported="true" >
102-->src\main\AndroidManifest.xml:87:13-36
103            <intent-filter>
103-->src\main\AndroidManifest.xml:88:13-92:29
104                <action android:name="android.intent.action.MAIN" />
104-->src\main\AndroidManifest.xml:89:17-69
104-->src\main\AndroidManifest.xml:89:25-66
105
106                <category android:name="android.intent.category.LAUNCHER" />
106-->src\main\AndroidManifest.xml:91:17-77
106-->src\main\AndroidManifest.xml:91:27-74
107            </intent-filter>
108        </activity>
109
110        <meta-data
110-->src\main\AndroidManifest.xml:95:9-97:57
111            android:name="preloaded_fonts"
111-->src\main\AndroidManifest.xml:96:13-43
112            android:resource="@array/preloaded_fonts" />
112-->src\main\AndroidManifest.xml:97:13-54
113
114        <provider
114-->[androidx.emoji2:emoji2:1.2.0] AndroidManifest.xml:24:9-32:20
115            android:name="androidx.startup.InitializationProvider"
115-->[androidx.emoji2:emoji2:1.2.0] AndroidManifest.xml:25:13-67
116            android:authorities="com.example.suits_lb.androidx-startup"
116-->[androidx.emoji2:emoji2:1.2.0] AndroidManifest.xml:26:13-68
117            android:exported="false" >
117-->[androidx.emoji2:emoji2:1.2.0] AndroidManifest.xml:27:13-37
118            <meta-data
118-->[androidx.emoji2:emoji2:1.2.0] AndroidManifest.xml:29:13-31:52
119                android:name="androidx.emoji2.text.EmojiCompatInitializer"
119-->[androidx.emoji2:emoji2:1.2.0] AndroidManifest.xml:30:17-75
120                android:value="androidx.startup" />
120-->[androidx.emoji2:emoji2:1.2.0] AndroidManifest.xml:31:17-49
121            <meta-data
121-->[androidx.lifecycle:lifecycle-process:2.7.0] AndroidManifest.xml:29:13-31:52
122                android:name="androidx.lifecycle.ProcessLifecycleInitializer"
122-->[androidx.lifecycle:lifecycle-process:2.7.0] AndroidManifest.xml:30:17-78
123                android:value="androidx.startup" />
123-->[androidx.lifecycle:lifecycle-process:2.7.0] AndroidManifest.xml:31:17-49
124            <meta-data
124-->[androidx.profileinstaller:profileinstaller:1.3.0] AndroidManifest.xml:29:13-31:52
125                android:name="androidx.profileinstaller.ProfileInstallerInitializer"
125-->[androidx.profileinstaller:profileinstaller:1.3.0] AndroidManifest.xml:30:17-85
126                android:value="androidx.startup" />
126-->[androidx.profileinstaller:profileinstaller:1.3.0] AndroidManifest.xml:31:17-49
127        </provider>
128
129        <uses-library
129-->[androidx.window:window:1.0.0] AndroidManifest.xml:25:9-27:40
130            android:name="androidx.window.extensions"
130-->[androidx.window:window:1.0.0] AndroidManifest.xml:26:13-54
131            android:required="false" />
131-->[androidx.window:window:1.0.0] AndroidManifest.xml:27:13-37
132        <uses-library
132-->[androidx.window:window:1.0.0] AndroidManifest.xml:28:9-30:40
133            android:name="androidx.window.sidecar"
133-->[androidx.window:window:1.0.0] AndroidManifest.xml:29:13-51
134            android:required="false" />
134-->[androidx.window:window:1.0.0] AndroidManifest.xml:30:13-37
135
136        <receiver
136-->[androidx.profileinstaller:profileinstaller:1.3.0] AndroidManifest.xml:34:9-52:20
137            android:name="androidx.profileinstaller.ProfileInstallReceiver"
137-->[androidx.profileinstaller:profileinstaller:1.3.0] AndroidManifest.xml:35:13-76
138            android:directBootAware="false"
138-->[androidx.profileinstaller:profileinstaller:1.3.0] AndroidManifest.xml:36:13-44
139            android:enabled="true"
139-->[androidx.profileinstaller:profileinstaller:1.3.0] AndroidManifest.xml:37:13-35
140            android:exported="true"
140-->[androidx.profileinstaller:profileinstaller:1.3.0] AndroidManifest.xml:38:13-36
141            android:permission="android.permission.DUMP" >
141-->[androidx.profileinstaller:profileinstaller:1.3.0] AndroidManifest.xml:39:13-57
142            <intent-filter>
142-->[androidx.profileinstaller:profileinstaller:1.3.0] AndroidManifest.xml:40:13-42:29
143                <action android:name="androidx.profileinstaller.action.INSTALL_PROFILE" />
143-->[androidx.profileinstaller:profileinstaller:1.3.0] AndroidManifest.xml:41:17-91
143-->[androidx.profileinstaller:profileinstaller:1.3.0] AndroidManifest.xml:41:25-88
144            </intent-filter>
145            <intent-filter>
145-->[androidx.profileinstaller:profileinstaller:1.3.0] AndroidManifest.xml:43:13-45:29
146                <action android:name="androidx.profileinstaller.action.SKIP_FILE" />
146-->[androidx.profileinstaller:profileinstaller:1.3.0] AndroidManifest.xml:44:17-85
146-->[androidx.profileinstaller:profileinstaller:1.3.0] AndroidManifest.xml:44:25-82
147            </intent-filter>
148            <intent-filter>
148-->[androidx.profileinstaller:profileinstaller:1.3.0] AndroidManifest.xml:46:13-48:29
149                <action android:name="androidx.profileinstaller.action.SAVE_PROFILE" />
149-->[androidx.profileinstaller:profileinstaller:1.3.0] AndroidManifest.xml:47:17-88
149-->[androidx.profileinstaller:profileinstaller:1.3.0] AndroidManifest.xml:47:25-85
150            </intent-filter>
151            <intent-filter>
151-->[androidx.profileinstaller:profileinstaller:1.3.0] AndroidManifest.xml:49:13-51:29
152                <action android:name="androidx.profileinstaller.action.BENCHMARK_OPERATION" />
152-->[androidx.profileinstaller:profileinstaller:1.3.0] AndroidManifest.xml:50:17-95
152-->[androidx.profileinstaller:profileinstaller:1.3.0] AndroidManifest.xml:50:25-92
153            </intent-filter>
154        </receiver>
155    </application>
156
157</manifest>